<?xml version="1.0" encoding="UTF-8"?>
<testng-results ignored="0" total="2" passed="2" failed="0" skipped="0">
  <reporter-output>
  </reporter-output>
  <suite started-at="2024-12-25T17:25:33 EST" name="TestSuite" finished-at="2024-12-25T17:25:57 EST" duration-ms="24588">
    <groups>
      <group name="Master">
        <method signature="TC1_Registration.testUserRegistration()[pri:0, instance:testcases.TC1_Registration@31aa3ca5]" name="testUserRegistration" class="testcases.TC1_Registration"/>
        <method signature="TC2_Login.testLoginWithValidCredentials()[pri:0, instance:testcases.TC2_Login@66b7550d]" name="testLoginWithValidCredentials" class="testcases.TC2_Login"/>
      </group> <!-- Master -->
      <group name="Sanity">
        <method signature="TC2_Login.testLoginWithValidCredentials()[pri:0, instance:testcases.TC2_Login@66b7550d]" name="testLoginWithValidCredentials" class="testcases.TC2_Login"/>
      </group> <!-- Sanity -->
      <group name="Regression">
        <method signature="TC1_Registration.testUserRegistration()[pri:0, instance:testcases.TC1_Registration@31aa3ca5]" name="testUserRegistration" class="testcases.TC1_Registration"/>
      </group> <!-- Regression -->
    </groups>
    <test started-at="2024-12-25T17:25:33 EST" name="windows-chrome" finished-at="2024-12-25T17:25:57 EST" duration-ms="24588">
      <class name="testcases.TC1_Registration">
        <test-method is-config="true" signature="setup(java.lang.String,java.lang.String)[pri:0, instance:testcases.TC1_Registration@31aa3ca5]" started-at="2024-12-25T17:25:33 EST" name="setup" finished-at="2024-12-25T17:25:40 EST" duration-ms="6712" status="PASS">
          <params>
            <param index="0">
              <value>
                <![CDATA[windows]]>
              </value>
            </param>
            <param index="1">
              <value>
                <![CDATA[chrome]]>
              </value>
            </param>
          </params>
          <reporter-output>
          </reporter-output>
        </test-method> <!-- setup -->
        <test-method signature="testUserRegistration()[pri:0, instance:testcases.TC1_Registration@31aa3ca5]" started-at="2024-12-25T17:25:40 EST" name="testUserRegistration" finished-at="2024-12-25T17:25:47 EST" duration-ms="7049" status="PASS">
          <reporter-output>
          </reporter-output>
        </test-method> <!-- testUserRegistration -->
        <test-method is-config="true" signature="tearDown()[pri:0, instance:testcases.TC1_Registration@31aa3ca5]" started-at="2024-12-25T17:25:47 EST" name="tearDown" finished-at="2024-12-25T17:25:48 EST" duration-ms="602" status="PASS">
          <reporter-output>
          </reporter-output>
        </test-method> <!-- tearDown -->
      </class> <!-- testcases.TC1_Registration -->
      <class name="testcases.TC2_Login">
        <test-method is-config="true" signature="setup(java.lang.String,java.lang.String)[pri:0, instance:testcases.TC2_Login@66b7550d]" started-at="2024-12-25T17:25:48 EST" name="setup" finished-at="2024-12-25T17:25:51 EST" duration-ms="3211" status="PASS">
          <params>
            <param index="0">
              <value>
                <![CDATA[windows]]>
              </value>
            </param>
            <param index="1">
              <value>
                <![CDATA[chrome]]>
              </value>
            </param>
          </params>
          <reporter-output>
          </reporter-output>
        </test-method> <!-- setup -->
        <test-method signature="testLoginWithValidCredentials()[pri:0, instance:testcases.TC2_Login@66b7550d]" started-at="2024-12-25T17:25:51 EST" name="testLoginWithValidCredentials" finished-at="2024-12-25T17:25:56 EST" duration-ms="5234" status="PASS">
          <reporter-output>
          </reporter-output>
        </test-method> <!-- testLoginWithValidCredentials -->
        <test-method is-config="true" signature="tearDown()[pri:0, instance:testcases.TC2_Login@66b7550d]" started-at="2024-12-25T17:25:56 EST" name="tearDown" finished-at="2024-12-25T17:25:57 EST" duration-ms="1100" status="PASS">
          <reporter-output>
          </reporter-output>
        </test-method> <!-- tearDown -->
      </class> <!-- testcases.TC2_Login -->
    </test> <!-- windows-chrome -->
  </suite> <!-- TestSuite -->
</testng-results>
