<?xml version="1.0" encoding="UTF-8"?>
<testng-results ignored="0" total="1" passed="1" failed="0" skipped="0">
  <reporter-output>
  </reporter-output>
  <suite started-at="2024-12-25T21:44:18 EST" name="TestSuite" finished-at="2024-12-25T21:44:47 EST" duration-ms="28941">
    <groups>
      <group name="Master">
        <method signature="TC6_EndToEndTest.executeEndToEndTest()[pri:0, instance:testcases.TC6_EndToEndTest@62ea3440]" name="executeEndToEndTest" class="testcases.TC6_EndToEndTest"/>
      </group> <!-- Master -->
    </groups>
    <test started-at="2024-12-25T21:44:18 EST" name="windows-chrome" finished-at="2024-12-25T21:44:47 EST" duration-ms="28941">
      <class name="testcases.TC6_EndToEndTest">
        <test-method is-config="true" signature="setup(java.lang.String,java.lang.String)[pri:0, instance:testcases.TC6_EndToEndTest@62ea3440]" started-at="2024-12-25T21:44:19 EST" name="setup" finished-at="2024-12-25T21:44:22 EST" duration-ms="3681" status="PASS">
          <params>
            <param index="0">
              <value>
                <![CDATA[windows]]>
              </value>
            </param>
            <param index="1">
              <value>
                <![CDATA[chrome]]>
              </value>
            </param>
          </params>
          <reporter-output>
          </reporter-output>
        </test-method> <!-- setup -->
        <test-method signature="executeEndToEndTest()[pri:0, instance:testcases.TC6_EndToEndTest@62ea3440]" started-at="2024-12-25T21:44:22 EST" name="executeEndToEndTest" finished-at="2024-12-25T21:44:47 EST" duration-ms="24231" status="PASS">
          <reporter-output>
          </reporter-output>
        </test-method> <!-- executeEndToEndTest -->
        <test-method is-config="true" signature="tearDown()[pri:0, instance:testcases.TC6_EndToEndTest@62ea3440]" started-at="2024-12-25T21:44:47 EST" name="tearDown" finished-at="2024-12-25T21:44:47 EST" duration-ms="442" status="PASS">
          <reporter-output>
          </reporter-output>
        </test-method> <!-- tearDown -->
      </class> <!-- testcases.TC6_EndToEndTest -->
    </test> <!-- windows-chrome -->
  </suite> <!-- TestSuite -->
</testng-results>
