<?xml version="1.0" encoding="UTF-8"?>
<testng-results ignored="0" total="5" passed="5" failed="0" skipped="0">
  <reporter-output>
  </reporter-output>
  <suite started-at="2024-12-25T17:37:22 EST" name="TestSuite" finished-at="2024-12-25T17:38:10 EST" duration-ms="48766">
    <groups>
      <group name="Master">
        <method signature="TC1_Registration.testUserRegistration()[pri:0, instance:testcases.TC1_Registration@efde75f]" name="testUserRegistration" class="testcases.TC1_Registration"/>
        <method signature="TC2_Login.testLoginWithValidCredentials()[pri:0, instance:testcases.TC2_Login@160ac7fb]" name="testLoginWithValidCredentials" class="testcases.TC2_Login"/>
        <method signature="TC3_Logout.testLogout()[pri:0, instance:testcases.TC3_Logout@12bfd80d]" name="testLogout" class="testcases.TC3_Logout"/>
        <method signature="TC4_SearchProduct.testProductSearch()[pri:0, instance:testcases.TC4_SearchProduct@41925502]" name="testProductSearch" class="testcases.TC4_SearchProduct"/>
        <method signature="TC5_AddToCart.testAddToCart()[pri:0, instance:testcases.TC5_AddToCart@13e3c1c7]" name="testAddToCart" class="testcases.TC5_AddToCart"/>
      </group> <!-- Master -->
      <group name="Sanity">
        <method signature="TC2_Login.testLoginWithValidCredentials()[pri:0, instance:testcases.TC2_Login@160ac7fb]" name="testLoginWithValidCredentials" class="testcases.TC2_Login"/>
        <method signature="TC3_Logout.testLogout()[pri:0, instance:testcases.TC3_Logout@12bfd80d]" name="testLogout" class="testcases.TC3_Logout"/>
      </group> <!-- Sanity -->
      <group name="Regression">
        <method signature="TC1_Registration.testUserRegistration()[pri:0, instance:testcases.TC1_Registration@efde75f]" name="testUserRegistration" class="testcases.TC1_Registration"/>
      </group> <!-- Regression -->
    </groups>
    <test started-at="2024-12-25T17:37:22 EST" name="windows-chrome" finished-at="2024-12-25T17:38:10 EST" duration-ms="48766">
      <class name="testcases.TC5_AddToCart">
        <test-method is-config="true" signature="setup(java.lang.String,java.lang.String)[pri:0, instance:testcases.TC5_AddToCart@13e3c1c7]" started-at="2024-12-25T17:38:01 EST" name="setup" finished-at="2024-12-25T17:38:04 EST" duration-ms="2936" status="PASS">
          <params>
            <param index="0">
              <value>
                <![CDATA[windows]]>
              </value>
            </param>
            <param index="1">
              <value>
                <![CDATA[chrome]]>
              </value>
            </param>
          </params>
          <reporter-output>
          </reporter-output>
        </test-method> <!-- setup -->
        <test-method signature="testAddToCart()[pri:0, instance:testcases.TC5_AddToCart@13e3c1c7]" started-at="2024-12-25T17:38:04 EST" name="testAddToCart" finished-at="2024-12-25T17:38:10 EST" duration-ms="6337" status="PASS">
          <reporter-output>
          </reporter-output>
        </test-method> <!-- testAddToCart -->
        <test-method is-config="true" signature="tearDown()[pri:0, instance:testcases.TC5_AddToCart@13e3c1c7]" started-at="2024-12-25T17:38:10 EST" name="tearDown" finished-at="2024-12-25T17:38:10 EST" duration-ms="430" status="PASS">
          <reporter-output>
          </reporter-output>
        </test-method> <!-- tearDown -->
      </class> <!-- testcases.TC5_AddToCart -->
      <class name="testcases.TC1_Registration">
        <test-method is-config="true" signature="setup(java.lang.String,java.lang.String)[pri:0, instance:testcases.TC1_Registration@efde75f]" started-at="2024-12-25T17:37:22 EST" name="setup" finished-at="2024-12-25T17:37:28 EST" duration-ms="5627" status="PASS">
          <params>
            <param index="0">
              <value>
                <![CDATA[windows]]>
              </value>
            </param>
            <param index="1">
              <value>
                <![CDATA[chrome]]>
              </value>
            </param>
          </params>
          <reporter-output>
          </reporter-output>
        </test-method> <!-- setup -->
        <test-method signature="testUserRegistration()[pri:0, instance:testcases.TC1_Registration@efde75f]" started-at="2024-12-25T17:37:28 EST" name="testUserRegistration" finished-at="2024-12-25T17:37:35 EST" duration-ms="6917" status="PASS">
          <reporter-output>
          </reporter-output>
        </test-method> <!-- testUserRegistration -->
        <test-method is-config="true" signature="tearDown()[pri:0, instance:testcases.TC1_Registration@efde75f]" started-at="2024-12-25T17:37:35 EST" name="tearDown" finished-at="2024-12-25T17:37:36 EST" duration-ms="429" status="PASS">
          <reporter-output>
          </reporter-output>
        </test-method> <!-- tearDown -->
      </class> <!-- testcases.TC1_Registration -->
      <class name="testcases.TC2_Login">
        <test-method is-config="true" signature="setup(java.lang.String,java.lang.String)[pri:0, instance:testcases.TC2_Login@160ac7fb]" started-at="2024-12-25T17:37:36 EST" name="setup" finished-at="2024-12-25T17:37:38 EST" duration-ms="2093" status="PASS">
          <params>
            <param index="0">
              <value>
                <![CDATA[windows]]>
              </value>
            </param>
            <param index="1">
              <value>
                <![CDATA[chrome]]>
              </value>
            </param>
          </params>
          <reporter-output>
          </reporter-output>
        </test-method> <!-- setup -->
        <test-method signature="testLoginWithValidCredentials()[pri:0, instance:testcases.TC2_Login@160ac7fb]" started-at="2024-12-25T17:37:38 EST" name="testLoginWithValidCredentials" finished-at="2024-12-25T17:37:43 EST" duration-ms="5504" status="PASS">
          <reporter-output>
          </reporter-output>
        </test-method> <!-- testLoginWithValidCredentials -->
        <test-method is-config="true" signature="tearDown()[pri:0, instance:testcases.TC2_Login@160ac7fb]" started-at="2024-12-25T17:37:43 EST" name="tearDown" finished-at="2024-12-25T17:37:44 EST" duration-ms="426" status="PASS">
          <reporter-output>
          </reporter-output>
        </test-method> <!-- tearDown -->
      </class> <!-- testcases.TC2_Login -->
      <class name="testcases.TC4_SearchProduct">
        <test-method is-config="true" signature="setup(java.lang.String,java.lang.String)[pri:0, instance:testcases.TC4_SearchProduct@41925502]" started-at="2024-12-25T17:37:54 EST" name="setup" finished-at="2024-12-25T17:37:56 EST" duration-ms="2377" status="PASS">
          <params>
            <param index="0">
              <value>
                <![CDATA[windows]]>
              </value>
            </param>
            <param index="1">
              <value>
                <![CDATA[chrome]]>
              </value>
            </param>
          </params>
          <reporter-output>
          </reporter-output>
        </test-method> <!-- setup -->
        <test-method signature="testProductSearch()[pri:0, instance:testcases.TC4_SearchProduct@41925502]" started-at="2024-12-25T17:37:56 EST" name="testProductSearch" finished-at="2024-12-25T17:38:00 EST" duration-ms="3965" status="PASS">
          <reporter-output>
          </reporter-output>
        </test-method> <!-- testProductSearch -->
        <test-method is-config="true" signature="tearDown()[pri:0, instance:testcases.TC4_SearchProduct@41925502]" started-at="2024-12-25T17:38:00 EST" name="tearDown" finished-at="2024-12-25T17:38:01 EST" duration-ms="786" status="PASS">
          <reporter-output>
          </reporter-output>
        </test-method> <!-- tearDown -->
      </class> <!-- testcases.TC4_SearchProduct -->
      <class name="testcases.TC3_Logout">
        <test-method is-config="true" signature="setup(java.lang.String,java.lang.String)[pri:0, instance:testcases.TC3_Logout@12bfd80d]" started-at="2024-12-25T17:37:44 EST" name="setup" finished-at="2024-12-25T17:37:46 EST" duration-ms="2136" status="PASS">
          <params>
            <param index="0">
              <value>
                <![CDATA[windows]]>
              </value>
            </param>
            <param index="1">
              <value>
                <![CDATA[chrome]]>
              </value>
            </param>
          </params>
          <reporter-output>
          </reporter-output>
        </test-method> <!-- setup -->
        <test-method signature="testLogout()[pri:0, instance:testcases.TC3_Logout@12bfd80d]" started-at="2024-12-25T17:37:46 EST" name="testLogout" finished-at="2024-12-25T17:37:53 EST" duration-ms="7316" status="PASS">
          <reporter-output>
          </reporter-output>
        </test-method> <!-- testLogout -->
        <test-method is-config="true" signature="tearDown()[pri:0, instance:testcases.TC3_Logout@12bfd80d]" started-at="2024-12-25T17:37:53 EST" name="tearDown" finished-at="2024-12-25T17:37:54 EST" duration-ms="469" status="PASS">
          <reporter-output>
          </reporter-output>
        </test-method> <!-- tearDown -->
      </class> <!-- testcases.TC3_Logout -->
    </test> <!-- windows-chrome -->
  </suite> <!-- TestSuite -->
</testng-results>
