<?xml version="1.0" encoding="UTF-8"?>
<!-- Generated by org.testng.reporters.JUnitXMLReporter -->
<testsuite ignored="0" hostname="DESKTOP-VQJF9TJ" failures="0" tests="5" name="windows-chrome" time="48.766" errors="0" timestamp="2024-12-25T17:38:11 EST">
  <testcase classname="testcases.TC1_Registration" name="testUserRegistration" time="6.917"/>
  <testcase classname="testcases.TC2_Login" name="testLoginWithValidCredentials" time="5.504"/>
  <testcase classname="testcases.TC3_Logout" name="testLogout" time="7.316"/>
  <testcase classname="testcases.TC4_SearchProduct" name="testProductSearch" time="3.965"/>
  <testcase classname="testcases.TC5_AddToCart" name="testAddToCart" time="6.337"/>
</testsuite> <!-- windows-chrome -->
